lerna(verbose) GitUtilities.isInitialized    ()
lerna(verbose) GitUtilities.isInitialized    () => true
lerna(verbose) GitUtilities.getTopLevelDirectory()
lerna(verbose) GitUtilities.getTopLevelDirectory() => "."
lerna(verbose) FileSystemUtilities.existsSync("./lerna.json")
lerna(verbose) FileSystemUtilities.existsSync("./lerna.json") => true
lerna(verbose) FileSystemUtilities.readFileSync("./lerna.json")
lerna(verbose) FileSystemUtilities.readFileSync("./lerna.json") => "{\n  \"lerna\": \"2.0.0-beta.34\",\n  \"packages\": [\n    \"packages/*\"\n  ],\n  \"version\": \"0.0.0\"\n}"
lerna(verbose) FileSystemUtilities.existsSync("./package.json")
lerna(verbose) FileSystemUtilities.existsSync("./package.json") => true
lerna(verbose) FileSystemUtilities.readFileSync("./package.json")
lerna(verbose) FileSystemUtilities.readFileSync("./package.json") => "{\n  \"name\": \"react-blades\",\n  \"version\": \"0.0.1\",\n  \"description\": \"Horizontal stacking window panels.\",\n  \"main\": \"index.js\",\n  \"scripts\": {\n    \"build\": \"npm run clean && npm run build:js && npm run build:css && npm run build:svg\",\n    \"build:css\": \"node-sass css/styles.scss lib/css/_blades.css\",\n    \"build:js\": \"babel src/ -d lib/ --ignore src/components\",\n    \"build:svg\": \"webpack\",\n    \"clean\": \"rimraf lib\",\n    \"lint\": \"eslint --ext .js,.jsx src\",\n    \"mocha\": \"mocha --compilers js:babel-register,jsx:babel-register --require airbnb-js-shims --recursive ./test/_helpers\",\n    \"pretest\": \"npm run --silent lint\",\n    \"tests-only\": \"npm run mocha --silent test\",\n    \"tests-karma\": \"karma start\",\n    \"test\": \"npm run tests-only && npm run tests-karma\"\n  },\n  \"repository\": {\n    \"type\": \"git\",\n    \"url\": \"https://github.com/ericberagg/react-blades.git\"\n  },\n  \"keywords\": [\n    \"react\",\n    \"react-blades\",\n    \"blades\",\n    \"blade\"\n  ],\n  \"author\": \"Eric Beragg\",\n  \"license\": \"MIT\",\n  \"bugs\": {\n    \"url\": \"https://github.com/ericberagg/react-blades/issues\"\n  },\n  \"homepage\": \"https://github.com/ericberagg/react-blades#readme\",\n  \"devDependencies\": {\n    \"babel-core\": \"^6.13.2\",\n    \"babel-loader\": \"^6.2.5\",\n    \"babel-plugin-syntax-jsx\": \"^6.13.0\",\n    \"babel-preset-airbnb\": \"^2.0.0\",\n    \"babel-register\": \"^6.11.6\",\n    \"eslint-config-airbnb\": \"^14.0.0\",\n    \"eslint-plugin-import\": \"2.2.0\",\n    \"eslint-plugin-jsx-a11y\": \"3.0.2\",\n    \"eslint-plugin-react\": \"6.9.0\",\n    \"lerna\": \"2.0.0-beta.34\",\n    \"react\": \"^15.4.2\",\n    \"react-dom\": \"^15.4.2\"\n  }\n}"
lerna(info)    Lerna v2.0.0-beta.34
lerna(verbose) FileSystemUtilities.existsSync("./package.json")
lerna(verbose) FileSystemUtilities.existsSync("./package.json") => true
lerna(verbose) FileSystemUtilities.existsSync("./lerna.json")
lerna(verbose) FileSystemUtilities.existsSync("./lerna.json") => true
lerna(verbose) FileSystemUtilities.existsSync("./VERSION")
lerna(verbose) FileSystemUtilities.existsSync("./VERSION") => false
lerna(verbose) FileSystemUtilities.existsSync("./packages/demo-react-blades/package.json")
lerna(verbose) FileSystemUtilities.existsSync("./packages/demo-react-blades/package.json") => true
lerna(verbose) FileSystemUtilities.existsSync("./packages/react-blades/package.json")
lerna(verbose) FileSystemUtilities.existsSync("./packages/react-blades/package.json") => true
lerna(verbose) Attempting running RunCommand.initialize
lerna(verbose) Successfully ran RunCommand.initialize
lerna(verbose) Attempting running RunCommand.execute
lerna(verbose) NpmUtilities.runScriptInDir   ("build", [], "./packages/react-blades")
lerna(verbose) NpmUtilities.execInDir        ("run build", [], "./packages/react-blades")
lerna(error)   NpmUtilities.execInDir        ("run build", [], "./packages/react-blades")
    Error: Command failed: npm run build 
    Error: Couldn't find preset "airbnb" relative to directory "/Users/ericberagg/GitHub/react-blades/packages/react-blades"
        at /Users/ericberagg/GitHub/react-blades/packages/react-blades/node_modules/babel-core/lib/transformation/file/options/option-manager.js:292:19
        at Array.map (native)
        at OptionManager.resolvePresets (/Users/ericberagg/GitHub/react-blades/packages/react-blades/node_modules/babel-core/lib/transformation/file/options/option-manager.js:274:20)
        at OptionManager.mergePresets (/Users/ericberagg/GitHub/react-blades/packages/react-blades/node_modules/babel-core/lib/transformation/file/options/option-manager.js:263:10)
        at OptionManager.mergeOptions (/Users/ericberagg/GitHub/react-blades/packages/react-blades/node_modules/babel-core/lib/transformation/file/options/option-manager.js:248:14)
        at OptionManager.init (/Users/ericberagg/GitHub/react-blades/packages/react-blades/node_modules/babel-core/lib/transformation/file/options/option-manager.js:367:12)
        at File.initOptions (/Users/ericberagg/GitHub/react-blades/packages/react-blades/node_modules/babel-core/lib/transformation/file/index.js:216:65)
        at new File (/Users/ericberagg/GitHub/react-blades/packages/react-blades/node_modules/babel-core/lib/transformation/file/index.js:139:24)
        at Pipeline.transform (/Users/ericberagg/GitHub/react-blades/packages/react-blades/node_modules/babel-core/lib/transformation/pipeline.js:46:16)
        at transform (/Users/ericberagg/GitHub/react-blades/packages/react-blades/node_modules/babel-cli/lib/babel/util.js:50:22)
    
    npm ERR! Darwin 15.6.0
    npm ERR! argv "/usr/local/bin/node" "/usr/local/bin/npm" "run" "build:js"
    npm ERR! node v6.8.0
    npm ERR! npm  v3.10.8
    npm ERR! code ELIFECYCLE
    npm ERR! react-blades@0.0.1 build:js: `babel src/js -d dist/ --ignore src/js/components`
    npm ERR! Exit status 1
    npm ERR! 
    npm ERR! Failed at the react-blades@0.0.1 build:js script 'babel src/js -d dist/ --ignore src/js/components'.
    npm ERR! Make sure you have the latest version of node.js and npm installed.
    npm ERR! If you do, this is most likely a problem with the react-blades package,
    npm ERR! not with npm itself.
    npm ERR! Tell the author that this fails on your system:
    npm ERR!     babel src/js -d dist/ --ignore src/js/components
    npm ERR! You can get information on how to open an issue for this project with:
    npm ERR!     npm bugs react-blades
    npm ERR! Or if that isn't available, you can get their info via:
    npm ERR!     npm owner ls react-blades
    npm ERR! There is likely additional logging output above.
    
    npm ERR! Please include the following file with any support request:
    npm ERR!     /Users/ericberagg/GitHub/react-blades/packages/react-blades/npm-debug.log
    
    npm ERR! Darwin 15.6.0
    npm ERR! argv "/usr/local/bin/node" "/usr/local/bin/npm" "run" "build"
    npm ERR! node v6.8.0
    npm ERR! npm  v3.10.8
    npm ERR! code ELIFECYCLE
    npm ERR! react-blades@0.0.1 build: `npm run clean && npm run build:js && npm run build:css && npm run build:components`
    npm ERR! Exit status 1
    npm ERR! 
    npm ERR! Failed at the react-blades@0.0.1 build script 'npm run clean && npm run build:js && npm run build:css && npm run build:components'.
    npm ERR! Make sure you have the latest version of node.js and npm installed.
    npm ERR! If you do, this is most likely a problem with the react-blades package,
    npm ERR! not with npm itself.
    npm ERR! Tell the author that this fails on your system:
    npm ERR!     npm run clean && npm run build:js && npm run build:css && npm run build:components
    npm ERR! You can get information on how to open an issue for this project with:
    npm ERR!     npm bugs react-blades
    npm ERR! Or if that isn't available, you can get their info via:
    npm ERR!     npm owner ls react-blades
    npm ERR! There is likely additional logging output above.
    
    npm ERR! Please include the following file with any support request:
    npm ERR!     /Users/ericberagg/GitHub/react-blades/packages/react-blades/npm-debug.log
    
        at ChildProcess.exithandler (child_process.js:206:12)
        at emitTwo (events.js:106:13)
        at ChildProcess.emit (events.js:191:7)
        at maybeClose (internal/child_process.js:877:16)
        at Socket.<anonymous> (internal/child_process.js:334:11)
        at emitOne (events.js:96:13)
        at Socket.emit (events.js:188:7)
        at Pipe._handle.close [as _onclose] (net.js:498:12)
lerna(error)   NpmUtilities.runScriptInDir   ("build", [], "./packages/react-blades")
lerna(info)    
> react-blades@0.0.1 build /Users/ericberagg/GitHub/react-blades/packages/react-blades
> npm run clean && npm run build:js && npm run build:css && npm run build:components


> react-blades@0.0.1 clean /Users/ericberagg/GitHub/react-blades/packages/react-blades
> rimraf dist


> react-blades@0.0.1 build:js /Users/ericberagg/GitHub/react-blades/packages/react-blades
> babel src/js -d dist/ --ignore src/js/components


lerna(error)   Errored while running npm script 'build' in 'react-blades'
lerna(error)   Errored while running RunCommand.execute
